05:25:33 $ make BASEDIR=lfs-su vn
Validating the book...
general.ent:10: parser error : Input is not proper UTF-8, indicate encoding !
Bytes: 0xE9 0x71 0x75 0x69
<!ENTITY copyholder   "L'Èquipe de dÈveloppement de BLFS">
                         ^
book/bookinfo.xml:13: parser error : Entity 'reg' not defined
  <title>Au-del√† de Linux<superscript>&reg;</superscript> From Scratch</title>
                                            ^
book/bookinfo.xml:14: parser error : Entity 'version' not defined
  <subtitle>Version &version;</subtitle>
                             ^
book/bookinfo.xml:18: parser error : Entity 'copyholder' not defined
      &copyholder;
                  ^
book/bookinfo.xml:22: parser error : Entity 'pubdate' not defined
  <pubdate>&pubdate;</pubdate>
                    ^
book/bookinfo.xml:26: parser error : Entity 'copyholder' not defined
    <holder>&copyholder;</holder>
                        ^
book/bookinfo.xml:30: parser error : Entity 'copy' not defined
    <para>Copyright &copy; &copyrightdate;, &copyholder;</para>
                          ^
book/bookinfo.xml:30: parser error : Entity 'copyholder' not defined
    <para>Copyright &copy; &copyrightdate;, &copyholder;</para>
                                                        ^
book/bookinfo.xml:45: parser error : Entity 'version' not defined
      <revnumber>&version;</revnumber>
                          ^
book/bookinfo.xml:46: parser error : Entity 'pubdate' not defined
      <date>&pubdate;</date>
                     ^
index.xml:13: element include: XInclude error : could not load book/bookinfo.xml, and no fallback was found
general.ent:10: parser error : Input is not proper UTF-8, indicate encoding !
Bytes: 0xE9 0x71 0x75 0x69
<!ENTITY copyholder   "L'Èquipe de dÈveloppement de BLFS">
                         ^
index.xml:14: element include: XInclude error : could not load book/dedication.xml, and no fallback was found
general.ent:10: parser error : Input is not proper UTF-8, indicate encoding !
Bytes: 0xE9 0x71 0x75 0x69
<!ENTITY copyholder   "L'Èquipe de dÈveloppement de BLFS">
                         ^
book/preface.xml:19: parser error : Entity 'hints-root' not defined
  √† propos de LFS √©tait les astuces LFS (<ulink url="&hints-root;"/>).
                                                                   ^
book/preface.xml:31: parser error : Entity 'nbsp' not defined
  <para>Merci infiniment √† tous ceux de la communaut√© LFS/BLFS&nbsp;;
                                                                      ^
book/preface.xml:33: parser error : Entity 'nbsp' not defined
ions et, en g√©n√©ral, qui se sont crash√© quand les choses n'allaient pas&nbsp;
                                                                               ^
book/preface.xml:35: parser error : Entity 'nbsp' not defined
 <para>Enfin, nous vous encourageons √† vous impliquer dans la communaut√©&nbsp;
                                                                               ^
book/preface.xml:37: parser error : Entity 'lfs-domainname' not defined
  pour rire sur #lfs ou #lfs-fr sur irc.&lfs-domainname;. Vous pouvez trouver pl
                                                        ^
book/preface.xml:45: parser error : Entity 'lfs-domainname' not defined
markh &lt;at&gt; &lfs-domainname;
                                 ^
book/preface.xml:46: parser error : Entity 'ndash' not defined
√âditeur BLFS (juillet 2001&ndash;mars 2003)</literallayout>
                                  ^
book/preface.xml:65: parser error : Entity 'lfs-domainname' not defined
larry &lt;at&gt; &lfs-domainname;
                                 ^
book/preface.xml:66: parser error : Entity 'ndash' not defined
Editeur BLFS (mars 2003&ndash;juin 2004)</literallayout>
                              ^
book/preface.xml:86: parser error : Entity 'lfs-domainname' not defined
bdubbs &lt;at&gt; &lfs-domainname;
                                  ^
book/preface.xml:87: parser error : Entity 'ndash' not defined
Editeur BLFS (juin 2004&ndash;d√©cembre 2006)</literallayout>
                              ^
book/preface.xml:116: parser error : Entity 'lfs-domainname' not defined
randy &lt;at&gt; &lfs-domainname;
                                 ^
book/preface.xml:117: parser error : Entity 'ndash' not defined
Editeur BLFS (d√©cembre 2006&ndash;aujourd'hui)</literallayout>
                                   ^
index.xml:15: element include: XInclude error : could not load book/preface.xml, and no fallback was found
general.ent:10: parser error : Input is not proper UTF-8, indicate encoding !
Bytes: 0xE9 0x71 0x75 0x69
<!ENTITY copyholder   "L'Èquipe de dÈveloppement de BLFS">
                         ^
index.xml:18: element include: XInclude error : could not load introduction/introduction.xml, and no fallback was found
general.ent:10: parser error : Input is not proper UTF-8, indicate encoding !
Bytes: 0xE9 0x71 0x75 0x69
<!ENTITY copyholder   "L'Èquipe de dÈveloppement de BLFS">
                         ^
index.xml:19: element include: XInclude error : could not load postlfs/postlfs.xml, and no fallback was found
general.ent:10: parser error : Input is not proper UTF-8, indicate encoding !
Bytes: 0xE9 0x71 0x75 0x69
<!ENTITY copyholder   "L'Èquipe de dÈveloppement de BLFS">
                         ^
index.xml:20: element include: XInclude error : could not load general/general.xml, and no fallback was found
general.ent:10: parser error : Input is not proper UTF-8, indicate encoding !
Bytes: 0xE9 0x71 0x75 0x69
<!ENTITY copyholder   "L'Èquipe de dÈveloppement de BLFS">
                         ^
index.xml:21: element include: XInclude error : could not load basicnet/basicnet.xml, and no fallback was found
general.ent:10: parser error : Input is not proper UTF-8, indicate encoding !
Bytes: 0xE9 0x71 0x75 0x69
<!ENTITY copyholder   "L'Èquipe de dÈveloppement de BLFS">
                         ^
index.xml:22: element include: XInclude error : could not load server/server.xml, and no fallback was found
general.ent:10: parser error : Input is not proper UTF-8, indicate encoding !
Bytes: 0xE9 0x71 0x75 0x69
<!ENTITY copyholder   "L'Èquipe de dÈveloppement de BLFS">
                         ^
index.xml:23: element include: XInclude error : could not load x/x.xml, and no fallback was found
general.ent:10: parser error : Input is not proper UTF-8, indicate encoding !
Bytes: 0xE9 0x71 0x75 0x69
<!ENTITY copyholder   "L'Èquipe de dÈveloppement de BLFS">
                         ^
index.xml:24: element include: XInclude error : could not load kde/kde.xml, and no fallback was found
general.ent:10: parser error : Input is not proper UTF-8, indicate encoding !
Bytes: 0xE9 0x71 0x75 0x69
<!ENTITY copyholder   "L'Èquipe de dÈveloppement de BLFS">
                         ^
index.xml:25: element include: XInclude error : could not load gnome/gnome.xml, and no fallback was found
general.ent:10: parser error : Input is not proper UTF-8, indicate encoding !
Bytes: 0xE9 0x71 0x75 0x69
<!ENTITY copyholder   "L'Èquipe de dÈveloppement de BLFS">
                         ^
index.xml:26: element include: XInclude error : could not load xsoft/xsoft.xml, and no fallback was found
general.ent:10: parser error : Input is not proper UTF-8, indicate encoding !
Bytes: 0xE9 0x71 0x75 0x69
<!ENTITY copyholder   "L'Èquipe de dÈveloppement de BLFS">
                         ^
index.xml:27: element include: XInclude error : could not load multimedia/multimedia.xml, and no fallback was found
general.ent:10: parser error : Input is not proper UTF-8, indicate encoding !
Bytes: 0xE9 0x71 0x75 0x69
<!ENTITY copyholder   "L'Èquipe de dÈveloppement de BLFS">
                         ^
index.xml:28: element include: XInclude error : could not load pst/pst.xml, and no fallback was found
general.ent:10: parser error : Input is not proper UTF-8, indicate encoding !
Bytes: 0xE9 0x71 0x75 0x69
<!ENTITY copyholder   "L'Èquipe de dÈveloppement de BLFS">
                         ^
index.xml:31: element include: XInclude error : could not load appendices/creat-comm.xml, and no fallback was found
general.ent:10: parser error : Input is not proper UTF-8, indicate encoding !
Bytes: 0xE9 0x71 0x75 0x69
<!ENTITY copyholder   "L'Èquipe de dÈveloppement de BLFS">
                         ^
appendices/mit-lic.xml:18: parser error : Entity 'copy' not defined
  <para>Copyright &copy; &copyrightdate; &copyholder;</para>
                        ^
appendices/mit-lic.xml:18: parser error : Entity 'copyholder' not defined
  <para>Copyright &copy; &copyrightdate; &copyholder;</para>
                                                     ^
index.xml:32: element include: XInclude error : could not load appendices/mit-lic.xml, and no fallback was found
general.ent:10: parser error : Input is not proper UTF-8, indicate encoding !
Bytes: 0xE9 0x71 0x75 0x69
<!ENTITY copyholder   "L'Èquipe de dÈveloppement de BLFS">
                         ^
index.xml:33: element include: XInclude error : could not load appendices/glossary.xml, and no fallback was found
index.xml:10: element book: validity error : Element book content does not follow the DTD, expecting ((title , subtitle? , titleabbrev?)? , bookinfo? , (dedication | toc | lot | glossary | bibliography | preface | chapter | reference | part | article | appendix | index | setindex | colophon)*), got (xi:include xi:include xi:include xi:include xi:include xi:include xi:include xi:include xi:include xi:include xi:include xi:include xi:include xi:include xi:include xi:include xi:include index )
index.xml:13: element include: validity error : No declaration for element include
index.xml:13: element include: validity error : No declaration for attribute href of element include
index.xml:13: element include: validity error : No declaration for attribute xmlns:xi of element include
index.xml:14: element include: validity error : No declaration for element include
index.xml:14: element include: validity error : No declaration for attribute href of element include
index.xml:14: element include: validity error : No declaration for attribute xmlns:xi of element include
index.xml:15: element include: validity error : No declaration for element include
index.xml:15: element include: validity error : No declaration for attribute href of element include
index.xml:15: element include: validity error : No declaration for attribute xmlns:xi of element include
index.xml:18: element include: validity error : No declaration for element include
index.xml:18: element include: validity error : No declaration for attribute href of element include
index.xml:18: element include: validity error : No declaration for attribute xmlns:xi of element include
index.xml:19: element include: validity error : No declaration for element include
index.xml:19: element include: validity error : No declaration for attribute href of element include
index.xml:19: element include: validity error : No declaration for attribute xmlns:xi of element include
index.xml:20: element include: validity error : No declaration for element include
index.xml:20: element include: validity error : No declaration for attribute href of element include
index.xml:20: element include: validity error : No declaration for attribute xmlns:xi of element include
index.xml:21: element include: validity error : No declaration for element include
index.xml:21: element include: validity error : No declaration for attribute href of element include
index.xml:21: element include: validity error : No declaration for attribute xmlns:xi of element include
index.xml:22: element include: validity error : No declaration for element include
index.xml:22: element include: validity error : No declaration for attribute href of element include
index.xml:22: element include: validity error : No declaration for attribute xmlns:xi of element include
index.xml:23: element include: validity error : No declaration for element include
index.xml:23: element include: validity error : No declaration for attribute href of element include
index.xml:23: element include: validity error : No declaration for attribute xmlns:xi of element include
index.xml:24: element include: validity error : No declaration for element include
index.xml:24: element include: validity error : No declaration for attribute href of element include
index.xml:24: element include: validity error : No declaration for attribute xmlns:xi of element include
index.xml:25: element include: validity error : No declaration for element include
index.xml:25: element include: validity error : No declaration for attribute href of element include
index.xml:25: element include: validity error : No declaration for attribute xmlns:xi of element include
index.xml:26: element include: validity error : No declaration for element include
index.xml:26: element include: validity error : No declaration for attribute href of element include
index.xml:26: element include: validity error : No declaration for attribute xmlns:xi of element include
index.xml:27: element include: validity error : No declaration for element include
index.xml:27: element include: validity error : No declaration for attribute href of element include
index.xml:27: element include: validity error : No declaration for attribute xmlns:xi of element include
index.xml:28: element include: validity error : No declaration for element include
index.xml:28: element include: validity error : No declaration for attribute href of element include
index.xml:28: element include: validity error : No declaration for attribute xmlns:xi of element include
index.xml:31: element include: validity error : No declaration for element include
index.xml:31: element include: validity error : No declaration for attribute href of element include
index.xml:31: element include: validity error : No declaration for attribute xmlns:xi of element include
index.xml:32: element include: validity error : No declaration for element include
index.xml:32: element include: validity error : No declaration for attribute href of element include
index.xml:32: element include: validity error : No declaration for attribute xmlns:xi of element include
index.xml:33: element include: validity error : No declaration for element include
index.xml:33: element include: validity error : No declaration for attribute href of element include
index.xml:33: element include: validity error : No declaration for attribute xmlns:xi of element include
Document index.xml does not validate
make: *** [tmp/blfs-full.xml] Erreur 3

05:25:44 $ make BASEDIR=lfs-svn pdf
Generating profiled XML for PDF...
XPath error : Invalid expression
$arch.ok et                 $audience.ok et                 $condition.ok et                 $conformance.ok et                 $lang.ok et                 $os.ok et                 $revision.ok et                 $revisionflag.ok et                 $role.ok et                 $security.ok et                 $status.ok et                 $userlevel.ok et                 $vendor.ok et                 $wordsize.ok et                 $attribute.ok
         ^
compilation error: file stylesheets/lfs-xsl/docbook-xsl-snapshot/profiling/profile-mode.xsl line 201 element if
xsl:if : could not compile test expression '$arch.ok et                 $audience.ok et                 $condition.ok et                 $conformance.ok et                 $lang.ok et                 $os.ok et                 $revision.ok et                 $revisionflag.ok et                 $role.ok et                 $security.ok et                 $status.ok et                 $userlevel.ok et                 $vendor.ok et                 $wordsize.ok et                 $attribute.ok'
XPath error : Invalid expression
@entityref et $profile.baseuri.fixup
           ^
compilation error: file stylesheets/lfs-xsl/docbook-xsl-snapshot/profiling/profile-mode.xsl line 206 element if
xsl:if : could not compile test expression '@entityref et $profile.baseuri.fixup'
XPath error : Invalid expression
not(../..) et $profile.baseuri.fixup
           ^
compilation error: file stylesheets/lfs-xsl/docbook-xsl-snapshot/profiling/profile-mode.xsl line 213 element if
xsl:if : could not compile test expression 'not(../..) et $profile.baseuri.fixup'
XPath error : Invalid predicate
@*[not(name(.) = 'xml:id')                                 et not(name(.) = 'version')]
                                                           ^
compilation error: file stylesheets/lfs-xsl/docbook-xsl-snapshot/common/stripns.xsl line 27 element copy-of
xsl:copy-of : could not compile select expression '@*[not(name(.) = 'xml:id')                                 et not(name(.) = 'version')]'
XPath error : Invalid predicate
@*[not(name(.) = 'xml:id')                                 et not(name(.) = 'version')]
                                                           ^
compilation error: file stylesheets/lfs-xsl/docbook-xsl-snapshot/common/stripns.xsl line 42 element copy-of
xsl:copy-of : could not compile select expression '@*[not(name(.) = 'xml:id')                                 et not(name(.) = 'version')]'
XPath error : Invalid predicate
@*[not(name(.) = 'xml:id')                                 et not(name(.) = 'version')]
                                                           ^
compilation error: file stylesheets/lfs-xsl/docbook-xsl-snapshot/common/stripns.xsl line 62 element copy-of
xsl:copy-of : could not compile select expression '@*[not(name(.) = 'xml:id')                                 et not(name(.) = 'version')]'
XPath error : Invalid predicate
@*[not(name(.) = 'xml:id')                                 et not(name(.) = 'version')]
                                                           ^
compilation error: file stylesheets/lfs-xsl/docbook-xsl-snapshot/common/stripns.xsl line 74 element copy-of
xsl:copy-of : could not compile select expression '@*[not(name(.) = 'xml:id')                                 et not(name(.) = 'version')]'
XPath error : Invalid predicate
@*[not(name(.) = 'xml:id')                          et not(name(.) = 'version')]
                                                    ^
compilation error: file stylesheets/lfs-xsl/docbook-xsl-snapshot/common/stripns.xsl line 133 element copy-of
xsl:copy-of : could not compile select expression '@*[not(name(.) = 'xml:id')                          et not(name(.) = 'version')]'
XPath error : Invalid expression
(not(../db:title) et not(../ng:title))                 et ($info = 'prefaceinfo'                      or $info = 'chapterinfo'                      or $info = 'sectioninfo'                      or $info = 'sect1info'                      or $info = 'sect2info'                      or $info = 'sect3info'                      or $info = 'sect4info'                      or $info = 'sect5info'                      or $info = 'refsectioninfo'                      or $info = 'refsect1info'                      or $info = 'refsect2info'                      or $info = 'refsect3info'                      or $info = 'blockinfo'                      or $info = 'appendixinfo')
                  ^
compilation error: file stylesheets/lfs-xsl/docbook-xsl-snapshot/common/stripns.xsl line 156 element if
xsl:if : could not compile test expression '(not(../db:title) et not(../ng:title))                 et ($info = 'prefaceinfo'                      or $info = 'chapterinfo'                      or $info = 'sectioninfo'                      or $info = 'sect1info'                      or $info = 'sect2info'                      or $info = 'sect3info'                      or $info = 'sect4info'                      or $info = 'sect5info'                      or $info = 'refsectioninfo'                      or $info = 'refsect1info'                      or $info = 'refsect2info'                      or $info = 'refsect3info'                      or $info = 'blockinfo'                      or $info = 'appendixinfo')'
XPath error : Invalid expression
$href != '' et not(starts-with($href,'#'))
            ^
compilation error: file stylesheets/lfs-xsl/docbook-xsl-snapshot/common/stripns.xsl line 166 element when
xsl:when : could not compile test expression '$href != '' et not(starts-with($href,'#'))'
XPath error : Invalid expression
local-name(.) != 'href'                         et name(.) != 'version'                         et name(.) != 'xml:id'
                                                ^
compilation error: file stylesheets/lfs-xsl/docbook-xsl-snapshot/common/stripns.xsl line 171 element if
xsl:if : could not compile test expression 'local-name(.) != 'href'                         et name(.) != 'version'                         et name(.) != 'xml:id''
XPath error : Invalid expression
$href != '' et starts-with($href,'#')
            ^
compilation error: file stylesheets/lfs-xsl/docbook-xsl-snapshot/common/stripns.xsl line 183 element when
xsl:when : could not compile test expression '$href != '' et starts-with($href,'#')'
XPath error : Invalid expression
local-name(.) != 'href'                         et name(.) != 'version'                         et name(.) != 'xml:id'
                                                ^
compilation error: file stylesheets/lfs-xsl/docbook-xsl-snapshot/common/stripns.xsl line 188 element if
xsl:if : could not compile test expression 'local-name(.) != 'href'                         et name(.) != 'version'                         et name(.) != 'xml:id''
XPath error : Invalid predicate
@*[not(name(.) = 'xml:id')                              et not(name(.) = 'version')]
                                                        ^
compilation error: file stylesheets/lfs-xsl/docbook-xsl-snapshot/common/stripns.xsl line 203 element copy-of
xsl:copy-of : could not compile select expression '@*[not(name(.) = 'xml:id')                              et not(name(.) = 'version')]'
XPath error : Invalid predicate
@*[not(name(.) = 'xml:id')                          et not(name(.) = 'version')]
                                                    ^
compilation error: file stylesheets/lfs-xsl/docbook-xsl-snapshot/common/stripns.xsl line 218 element copy-of
xsl:copy-of : could not compile select expression '@*[not(name(.) = 'xml:id')                          et not(name(.) = 'version')]'
XPath error : Invalid predicate
@*[not(name(.) = 'xml:id')                             et not(name(.) = 'version')                             et not(name(.) = 'entityref')]
                                                       ^
compilation error: file stylesheets/lfs-xsl/docbook-xsl-snapshot/common/stripns.xsl line 230 element copy-of
xsl:copy-of : could not compile select expression '@*[not(name(.) = 'xml:id')                             et not(name(.) = 'version')                             et not(name(.) = 'entityref')]'
XPath error : Invalid expression
starts-with($base, 'file:///') et                               substring($base, 10, 1) = ':'
                               ^
compilation error: file stylesheets/lfs-xsl/docbook-xsl-snapshot/common/stripns.xsl line 279 element when
xsl:when : could not compile test expression 'starts-with($base, 'file:///') et                               substring($base, 10, 1) = ':''
XPath error : Invalid expression
starts-with($base, 'file:/')                               et substring($base, 8, 1) = ':'
                                                           ^
compilation error: file stylesheets/lfs-xsl/docbook-xsl-snapshot/common/stripns.xsl line 283 element when
xsl:when : could not compile test expression 'starts-with($base, 'file:/')                               et substring($base, 8, 1) = ':''
XPath error : Invalid expression
compilation error: file stylesheets/lfs-xsl/docbook-xsl-snapshot/common/stripns.xsl line 328 element when
xsl:when : could not compile test expression '(function-available('exsl:node-set') or                      contains(system-property('xsl:vendor'),                        'Apache Software Foundation'))                     et (*/self::ng:* or */self::db:*)'
make: *** [tmp/blfs-pdf.xml] Erreur 5
